2016-06-25 04:02:46 Error: [Cake\View\Exception\MissingTemplateException] Template file "Helo\index.ctp" is missing.
Exception Attributes: array (
  'file' => 'Helo\\index.ctp',
)
Request URL: /cakephp/helo
Stack Trace:
#0 C:\xampp\htdocs\cakephp\vendor\cakephp\cakephp\src\View\View.php(584): Cake\View\View->_getViewFileName(NULL)
#1 C:\xampp\htdocs\cakephp\vendor\cakephp\cakephp\src\Controller\Controller.php(611): Cake\View\View->render(NULL, NULL)
#2 C:\xampp\htdocs\cakephp\vendor\cakephp\cakephp\src\Routing\Dispatcher.php(120): Cake\Controller\Controller->render()
#3 C:\xampp\htdocs\cakephp\vendor\cakephp\cakephp\src\Routing\Dispatcher.php(87): Cake\Routing\Dispatcher->_invoke(Object(App\Controller\HeloController))
#4 C:\xampp\htdocs\cakephp\webroot\index.php(37): Cake\Routing\Dispatcher->dispatch(Object(Cake\Network\Request), Object(Cake\Network\Response))
#5 {main}


2016-06-25 04:04:19 Error: [Cake\View\Exception\MissingTemplateException] Template file "Helo\index.ctp" is missing.
Exception Attributes: array (
  'file' => 'Helo\\index.ctp',
)
Request URL: /cakephp/helo/
Stack Trace:
#0 C:\xampp\htdocs\cakephp\vendor\cakephp\cakephp\src\View\View.php(584): Cake\View\View->_getViewFileName(NULL)
#1 C:\xampp\htdocs\cakephp\vendor\cakephp\cakephp\src\Controller\Controller.php(611): Cake\View\View->render(NULL, NULL)
#2 C:\xampp\htdocs\cakephp\vendor\cakephp\cakephp\src\Routing\Dispatcher.php(120): Cake\Controller\Controller->render()
#3 C:\xampp\htdocs\cakephp\vendor\cakephp\cakephp\src\Routing\Dispatcher.php(87): Cake\Routing\Dispatcher->_invoke(Object(App\Controller\HeloController))
#4 C:\xampp\htdocs\cakephp\webroot\index.php(37): Cake\Routing\Dispatcher->dispatch(Object(Cake\Network\Request), Object(Cake\Network\Response))
#5 {main}


